2025-12-27T15:39:57.895Z [[31merror[39m]: MongooseError: The `uri` parameter to `openUri()` must be a string, got "undefined". Make sure the first parameter to `mongoose.connect()` or `mongoose.createConnection()` is a string.
    at NativeConnection.createClient (D:\software-development-engineer\backend-development\node_modules\mongoose\lib\drivers\node-mongodb-native\connection.js:230:11)
    at NativeConnection.openUri (D:\software-development-engineer\backend-development\node_modules\mongoose\lib\connection.js:1075:34)
    at Mongoose.connect (D:\software-development-engineer\backend-development\node_modules\mongoose\lib\mongoose.js:451:15)
    at Object.<anonymous> (D:\software-development-engineer\backend-development\index.js:19:10)
    at Module._compile (node:internal/modules/cjs/loader:1688:14)
    at Object..js (node:internal/modules/cjs/loader:1820:10)
    at Module.load (node:internal/modules/cjs/loader:1423:32)
    at Function._load (node:internal/modules/cjs/loader:1246:12)
    at TracingChannel.traceSync (node:diagnostics_channel:322:14)
    at wrapModuleLoad (node:internal/modules/cjs/loader:235:24)
2025-12-27T15:40:27.641Z [[31merror[39m]: MongooseError: The `uri` parameter to `openUri()` must be a string, got "undefined". Make sure the first parameter to `mongoose.connect()` or `mongoose.createConnection()` is a string.
    at NativeConnection.createClient (D:\software-development-engineer\backend-development\node_modules\mongoose\lib\drivers\node-mongodb-native\connection.js:230:11)
    at NativeConnection.openUri (D:\software-development-engineer\backend-development\node_modules\mongoose\lib\connection.js:1075:34)
    at Mongoose.connect (D:\software-development-engineer\backend-development\node_modules\mongoose\lib\mongoose.js:451:15)
    at Object.<anonymous> (D:\software-development-engineer\backend-development\index.js:20:4)
    at Module._compile (node:internal/modules/cjs/loader:1688:14)
    at Object..js (node:internal/modules/cjs/loader:1820:10)
    at Module.load (node:internal/modules/cjs/loader:1423:32)
    at Function._load (node:internal/modules/cjs/loader:1246:12)
    at TracingChannel.traceSync (node:diagnostics_channel:322:14)
    at wrapModuleLoad (node:internal/modules/cjs/loader:235:24)
2025-12-28T12:40:09.333Z [[31merror[39m]: undefined
2025-12-28T12:40:10.307Z [[31merror[39m]: undefined
2025-12-28T12:57:32.497Z [[31merror[39m]: undefined
2025-12-28T12:59:36.182Z [[31merror[39m]: undefined
2025-12-28T13:01:45.731Z [[31merror[39m]: undefined
2025-12-28T13:34:42.486Z [[31merror[39m]: undefined
2025-12-30T18:54:43.921Z [[31merror[39m]: undefined
2025-12-30T18:54:44.211Z [[31merror[39m]: undefined
2025-12-30T18:54:49.566Z [[31merror[39m]: undefined
2025-12-30T18:54:58.853Z [[31merror[39m]: undefined
