2025-12-27T15:31:49.733Z [[31merror[39m]: ReferenceError: info is not defined
    at Server.<anonymous> (D:\software-development-engineer\backend-development\index.js:35:3)
    at Server.f (D:\software-development-engineer\backend-development\node_modules\once\once.js:25:25)
    at Object.onceWrapper (node:events:632:28)
    at Server.emit (node:events:530:35)
    at emitListeningNT (node:net:1983:10)
    at process.processTicksAndRejections (node:internal/process/task_queues:89:21)
2025-12-28T12:36:57.523Z [[31merror[39m]: ReferenceError: Router is not defined
    at Object.<anonymous> (D:\software-development-engineer\backend-development\index.js:52:14)
    at Module._compile (node:internal/modules/cjs/loader:1688:14)
    at Object..js (node:internal/modules/cjs/loader:1820:10)
    at Module.load (node:internal/modules/cjs/loader:1423:32)
    at Function._load (node:internal/modules/cjs/loader:1246:12)
    at TracingChannel.traceSync (node:diagnostics_channel:322:14)
    at wrapModuleLoad (node:internal/modules/cjs/loader:235:24)
    at Function.executeUserEntryPoint [as runMain] (node:internal/modules/run_main:171:5)
    at node:internal/main/run_main_module:36:49
2025-12-28T12:47:03.202Z [[31merror[39m]: D:\software-development-engineer\backend-development\controller\registerController.js:35
    }
    ^

SyntaxError: Missing catch or finally after try
    at wrapSafe (node:internal/modules/cjs/loader:1620:18)
    at Module._compile (node:internal/modules/cjs/loader:1662:20)
    at Object..js (node:internal/modules/cjs/loader:1820:10)
    at Module.load (node:internal/modules/cjs/loader:1423:32)
    at Function._load (node:internal/modules/cjs/loader:1246:12)
    at TracingChannel.traceSync (node:diagnostics_channel:322:14)
    at wrapModuleLoad (node:internal/modules/cjs/loader:235:24)
    at Module.require (node:internal/modules/cjs/loader:1445:12)
    at require (node:internal/modules/helpers:135:16)
    at Object.<anonymous> (D:\software-development-engineer\backend-development\view\registerView.js:4:22)
2025-12-28T12:47:06.615Z [[31merror[39m]: D:\software-development-engineer\backend-development\controller\registerController.js:36
    }
    ^

SyntaxError: Missing catch or finally after try
    at wrapSafe (node:internal/modules/cjs/loader:1620:18)
    at Module._compile (node:internal/modules/cjs/loader:1662:20)
    at Object..js (node:internal/modules/cjs/loader:1820:10)
    at Module.load (node:internal/modules/cjs/loader:1423:32)
    at Function._load (node:internal/modules/cjs/loader:1246:12)
    at TracingChannel.traceSync (node:diagnostics_channel:322:14)
    at wrapModuleLoad (node:internal/modules/cjs/loader:235:24)
    at Module.require (node:internal/modules/cjs/loader:1445:12)
    at require (node:internal/modules/helpers:135:16)
    at Object.<anonymous> (D:\software-development-engineer\backend-development\view\registerView.js:4:22)
2025-12-28T12:48:32.688Z [[31merror[39m]: TypeError: argument handler must be a function
    at Route.<computed> [as post] (D:\software-development-engineer\backend-development\node_modules\router\lib\route.js:228:15)
    at Router.<computed> [as post] (D:\software-development-engineer\backend-development\node_modules\router\index.js:448:19)
    at Object.<anonymous> (D:\software-development-engineer\backend-development\view\registerView.js:17:16)
    at Module._compile (node:internal/modules/cjs/loader:1688:14)
    at Object..js (node:internal/modules/cjs/loader:1820:10)
    at Module.load (node:internal/modules/cjs/loader:1423:32)
    at Function._load (node:internal/modules/cjs/loader:1246:12)
    at TracingChannel.traceSync (node:diagnostics_channel:322:14)
    at wrapModuleLoad (node:internal/modules/cjs/loader:235:24)
    at Module.require (node:internal/modules/cjs/loader:1445:12)
2025-12-28T12:48:58.502Z [[31merror[39m]: TypeError: argument handler must be a function
    at Route.<computed> [as post] (D:\software-development-engineer\backend-development\node_modules\router\lib\route.js:228:15)
    at Router.<computed> [as post] (D:\software-development-engineer\backend-development\node_modules\router\index.js:448:19)
    at Object.<anonymous> (D:\software-development-engineer\backend-development\view\registerView.js:17:16)
    at Module._compile (node:internal/modules/cjs/loader:1688:14)
    at Object..js (node:internal/modules/cjs/loader:1820:10)
    at Module.load (node:internal/modules/cjs/loader:1423:32)
    at Function._load (node:internal/modules/cjs/loader:1246:12)
    at TracingChannel.traceSync (node:diagnostics_channel:322:14)
    at wrapModuleLoad (node:internal/modules/cjs/loader:235:24)
    at Module.require (node:internal/modules/cjs/loader:1445:12)
2025-12-28T12:49:04.415Z [[31merror[39m]: TypeError: argument handler must be a function
    at Route.<computed> [as post] (D:\software-development-engineer\backend-development\node_modules\router\lib\route.js:228:15)
    at Router.<computed> [as post] (D:\software-development-engineer\backend-development\node_modules\router\index.js:448:19)
    at Object.<anonymous> (D:\software-development-engineer\backend-development\view\registerView.js:17:16)
    at Module._compile (node:internal/modules/cjs/loader:1688:14)
    at Object..js (node:internal/modules/cjs/loader:1820:10)
    at Module.load (node:internal/modules/cjs/loader:1423:32)
    at Function._load (node:internal/modules/cjs/loader:1246:12)
    at TracingChannel.traceSync (node:diagnostics_channel:322:14)
    at wrapModuleLoad (node:internal/modules/cjs/loader:235:24)
    at Module.require (node:internal/modules/cjs/loader:1445:12)
2025-12-28T12:49:15.065Z [[31merror[39m]: TypeError: argument handler must be a function
    at Route.<computed> [as post] (D:\software-development-engineer\backend-development\node_modules\router\lib\route.js:228:15)
    at Router.<computed> [as post] (D:\software-development-engineer\backend-development\node_modules\router\index.js:448:19)
    at Object.<anonymous> (D:\software-development-engineer\backend-development\view\registerView.js:17:16)
    at Module._compile (node:internal/modules/cjs/loader:1688:14)
    at Object..js (node:internal/modules/cjs/loader:1820:10)
    at Module.load (node:internal/modules/cjs/loader:1423:32)
    at Function._load (node:internal/modules/cjs/loader:1246:12)
    at TracingChannel.traceSync (node:diagnostics_channel:322:14)
    at wrapModuleLoad (node:internal/modules/cjs/loader:235:24)
    at Module.require (node:internal/modules/cjs/loader:1445:12)
2025-12-28T12:49:50.741Z [[31merror[39m]: TypeError: argument handler must be a function
    at Route.<computed> [as post] (D:\software-development-engineer\backend-development\node_modules\router\lib\route.js:228:15)
    at Router.<computed> [as post] (D:\software-development-engineer\backend-development\node_modules\router\index.js:448:19)
    at Object.<anonymous> (D:\software-development-engineer\backend-development\view\registerView.js:17:16)
    at Module._compile (node:internal/modules/cjs/loader:1688:14)
    at Object..js (node:internal/modules/cjs/loader:1820:10)
    at Module.load (node:internal/modules/cjs/loader:1423:32)
    at Function._load (node:internal/modules/cjs/loader:1246:12)
    at TracingChannel.traceSync (node:diagnostics_channel:322:14)
    at wrapModuleLoad (node:internal/modules/cjs/loader:235:24)
    at Module.require (node:internal/modules/cjs/loader:1445:12)
2025-12-28T12:49:56.791Z [[31merror[39m]: TypeError: argument handler must be a function
    at Route.<computed> [as post] (D:\software-development-engineer\backend-development\node_modules\router\lib\route.js:228:15)
    at Router.<computed> [as post] (D:\software-development-engineer\backend-development\node_modules\router\index.js:448:19)
    at Object.<anonymous> (D:\software-development-engineer\backend-development\view\registerView.js:17:16)
    at Module._compile (node:internal/modules/cjs/loader:1688:14)
    at Object..js (node:internal/modules/cjs/loader:1820:10)
    at Module.load (node:internal/modules/cjs/loader:1423:32)
    at Function._load (node:internal/modules/cjs/loader:1246:12)
    at TracingChannel.traceSync (node:diagnostics_channel:322:14)
    at wrapModuleLoad (node:internal/modules/cjs/loader:235:24)
    at Module.require (node:internal/modules/cjs/loader:1445:12)
2025-12-28T12:51:54.835Z [[31merror[39m]: TypeError: argument handler must be a function
    at Route.<computed> [as post] (D:\software-development-engineer\backend-development\node_modules\router\lib\route.js:228:15)
    at Router.<computed> [as post] (D:\software-development-engineer\backend-development\node_modules\router\index.js:448:19)
    at Object.<anonymous> (D:\software-development-engineer\backend-development\view\registerView.js:17:16)
    at Module._compile (node:internal/modules/cjs/loader:1688:14)
    at Object..js (node:internal/modules/cjs/loader:1820:10)
    at Module.load (node:internal/modules/cjs/loader:1423:32)
    at Function._load (node:internal/modules/cjs/loader:1246:12)
    at TracingChannel.traceSync (node:diagnostics_channel:322:14)
    at wrapModuleLoad (node:internal/modules/cjs/loader:235:24)
    at Module.require (node:internal/modules/cjs/loader:1445:12)
2025-12-28T12:52:07.989Z [[31merror[39m]: TypeError: argument handler must be a function
    at Route.<computed> [as post] (D:\software-development-engineer\backend-development\node_modules\router\lib\route.js:228:15)
    at Router.<computed> [as post] (D:\software-development-engineer\backend-development\node_modules\router\index.js:448:19)
    at Object.<anonymous> (D:\software-development-engineer\backend-development\view\registerView.js:17:16)
    at Module._compile (node:internal/modules/cjs/loader:1688:14)
    at Object..js (node:internal/modules/cjs/loader:1820:10)
    at Module.load (node:internal/modules/cjs/loader:1423:32)
    at Function._load (node:internal/modules/cjs/loader:1246:12)
    at TracingChannel.traceSync (node:diagnostics_channel:322:14)
    at wrapModuleLoad (node:internal/modules/cjs/loader:235:24)
    at Module.require (node:internal/modules/cjs/loader:1445:12)
2025-12-28T12:52:13.652Z [[31merror[39m]: TypeError: argument handler must be a function
    at Route.<computed> [as post] (D:\software-development-engineer\backend-development\node_modules\router\lib\route.js:228:15)
    at Router.<computed> [as post] (D:\software-development-engineer\backend-development\node_modules\router\index.js:448:19)
    at Object.<anonymous> (D:\software-development-engineer\backend-development\view\registerView.js:17:16)
    at Module._compile (node:internal/modules/cjs/loader:1688:14)
    at Object..js (node:internal/modules/cjs/loader:1820:10)
    at Module.load (node:internal/modules/cjs/loader:1423:32)
    at Function._load (node:internal/modules/cjs/loader:1246:12)
    at TracingChannel.traceSync (node:diagnostics_channel:322:14)
    at wrapModuleLoad (node:internal/modules/cjs/loader:235:24)
    at Module.require (node:internal/modules/cjs/loader:1445:12)
2025-12-28T12:52:19.852Z [[31merror[39m]: TypeError: argument handler must be a function
    at Route.<computed> [as post] (D:\software-development-engineer\backend-development\node_modules\router\lib\route.js:228:15)
    at Router.<computed> [as post] (D:\software-development-engineer\backend-development\node_modules\router\index.js:448:19)
    at Object.<anonymous> (D:\software-development-engineer\backend-development\view\registerView.js:17:16)
    at Module._compile (node:internal/modules/cjs/loader:1688:14)
    at Object..js (node:internal/modules/cjs/loader:1820:10)
    at Module.load (node:internal/modules/cjs/loader:1423:32)
    at Function._load (node:internal/modules/cjs/loader:1246:12)
    at TracingChannel.traceSync (node:diagnostics_channel:322:14)
    at wrapModuleLoad (node:internal/modules/cjs/loader:235:24)
    at Module.require (node:internal/modules/cjs/loader:1445:12)
2025-12-28T12:53:09.223Z [[31merror[39m]: TypeError: argument handler must be a function
    at Route.<computed> [as post] (D:\software-development-engineer\backend-development\node_modules\router\lib\route.js:228:15)
    at Router.<computed> [as post] (D:\software-development-engineer\backend-development\node_modules\router\index.js:448:19)
    at Object.<anonymous> (D:\software-development-engineer\backend-development\view\registerView.js:17:16)
    at Module._compile (node:internal/modules/cjs/loader:1688:14)
    at Object..js (node:internal/modules/cjs/loader:1820:10)
    at Module.load (node:internal/modules/cjs/loader:1423:32)
    at Function._load (node:internal/modules/cjs/loader:1246:12)
    at TracingChannel.traceSync (node:diagnostics_channel:322:14)
    at wrapModuleLoad (node:internal/modules/cjs/loader:235:24)
    at Module.require (node:internal/modules/cjs/loader:1445:12)
2025-12-28T12:53:19.001Z [[31merror[39m]: TypeError: argument handler must be a function
    at Route.<computed> [as post] (D:\software-development-engineer\backend-development\node_modules\router\lib\route.js:228:15)
    at Router.<computed> [as post] (D:\software-development-engineer\backend-development\node_modules\router\index.js:448:19)
    at Object.<anonymous> (D:\software-development-engineer\backend-development\view\registerView.js:17:16)
    at Module._compile (node:internal/modules/cjs/loader:1688:14)
    at Object..js (node:internal/modules/cjs/loader:1820:10)
    at Module.load (node:internal/modules/cjs/loader:1423:32)
    at Function._load (node:internal/modules/cjs/loader:1246:12)
    at TracingChannel.traceSync (node:diagnostics_channel:322:14)
    at wrapModuleLoad (node:internal/modules/cjs/loader:235:24)
    at Module.require (node:internal/modules/cjs/loader:1445:12)
2025-12-28T12:53:27.801Z [[31merror[39m]: TypeError: argument handler must be a function
    at Route.<computed> [as post] (D:\software-development-engineer\backend-development\node_modules\router\lib\route.js:228:15)
    at Router.<computed> [as post] (D:\software-development-engineer\backend-development\node_modules\router\index.js:448:19)
    at Object.<anonymous> (D:\software-development-engineer\backend-development\view\registerView.js:17:16)
    at Module._compile (node:internal/modules/cjs/loader:1688:14)
    at Object..js (node:internal/modules/cjs/loader:1820:10)
    at Module.load (node:internal/modules/cjs/loader:1423:32)
    at Function._load (node:internal/modules/cjs/loader:1246:12)
    at TracingChannel.traceSync (node:diagnostics_channel:322:14)
    at wrapModuleLoad (node:internal/modules/cjs/loader:235:24)
    at Module.require (node:internal/modules/cjs/loader:1445:12)
